#
# A fatal error has been detected by the Java Runtime Environment:
#
#  Internal Error (t:/workspace/open/src/hotspot/share/oops/generateOopMap.cpp:2164), pid=9940, tid=7160
#  fatal error: Illegal class file encountered. Try running with -Xverify:all in method getIndiceMaisAntigo
#
# JRE version: Java(TM) SE Runtime Environment (11.0.6+8) (build 11.0.6+8-LTS)
# Java VM: Java HotSpot(TM) 64-Bit Server VM (11.0.6+8-LTS, mixed mode, tiered, compressed oops, g1 gc, windows-amd64)
# No core dump will be written. Minidumps are not enabled by default on client versions of Windows
#
# If you would like to submit a bug report, please visit:
#   http://bugreport.java.com/bugreport/crash.jsp
#

---------------  S U M M A R Y ------------

Command Line: -agentlib:jdwp=transport=dt_socket,suspend=y,address=localhost:50902 -javaagent:D:\2 - Cássio\Programação\Programas\Eclipse\configuration\org.eclipse.osgi\412\0\.cp\lib\javaagent-shaded.jar -Dfile.encoding=Cp1252 app.Main

Host: AMD Ryzen 5 3400G with Radeon Vega Graphics    , 8 cores, 5G,  Windows 10 , 64 bit Build 18362 (10.0.18362.778)
Time: Wed May  6 01:26:17 2020 Hora oficial do Brasil elapsed time: 1696 seconds (0d 0h 28m 16s)

---------------  T H R E A D  ---------------

Current thread (0x000002107c139000):  VMThread "VM Thread" [stack: 0x000000e416500000,0x000000e416600000] [id=7160]

Stack: [0x000000e416500000,0x000000e416600000]
[error occurred during error reporting (printing stack bounds), id 0xc0000005, EXCEPTION_ACCESS_VIOLATION (0xc0000005) at pc=0x0000021066b70bad]

Native frames: (J=compiled Java code, j=interpreted, Vv=VM code, C=native code)
V  [jvm.dll+0x63679a]
V  [jvm.dll+0x7755bf]
V  [jvm.dll+0x776c65]
V  [jvm.dll+0x777235]
V  [jvm.dll+0x7771eb]
V  [jvm.dll+0x635e96]
V  [jvm.dll+0x636268]
C  [ntdll.dll+0xa11cf]
C  [ntdll.dll+0x6a209]
C  [ntdll.dll+0x9fe3e]
C  0x0000021066b70bad

VM_Operation (0x000000e416eff5d0): GetOrSetLocal, mode: safepoint, requested by thread 0x000002107cd92000


---------------  P R O C E S S  ---------------

Threads class SMR info:
_java_thread_list=0x000002107d36e810, length=13, elements={
0x000002105e7e8000, 0x000002107c160800, 0x000002107c16b800, 0x000002107c178800,
0x000002107c179800, 0x000002107c17d000, 0x000002107c192000, 0x000002107c196800,
0x000002107cc57800, 0x000002107cd92000, 0x000002107cdcb800, 0x000002107cd8a800,
0x000002107cda6800
}

Java Threads: ( => current thread )
  0x000002105e7e8000 JavaThread "main" [_thread_blocked, id=1936, stack(0x000000e415f00000,0x000000e416000000)]
  0x000002107c160800 JavaThread "Reference Handler" daemon [_thread_blocked, id=5972, stack(0x000000e416600000,0x000000e416700000)]
  0x000002107c16b800 JavaThread "Finalizer" daemon [_thread_blocked, id=4920, stack(0x000000e416700000,0x000000e416800000)]
  0x000002107c178800 JavaThread "Signal Dispatcher" daemon [_thread_blocked, id=10340, stack(0x000000e416800000,0x000000e416900000)]
  0x000002107c179800 JavaThread "Attach Listener" daemon [_thread_blocked, id=5068, stack(0x000000e416900000,0x000000e416a00000)]
  0x000002107c17d000 JavaThread "C2 CompilerThread0" daemon [_thread_blocked, id=7400, stack(0x000000e416a00000,0x000000e416b00000)]
  0x000002107c192000 JavaThread "C1 CompilerThread0" daemon [_thread_blocked, id=10860, stack(0x000000e416b00000,0x000000e416c00000)]
  0x000002107c196800 JavaThread "Sweeper thread" daemon [_thread_blocked, id=1572, stack(0x000000e416c00000,0x000000e416d00000)]
  0x000002107cc57800 JavaThread "Common-Cleaner" daemon [_thread_blocked, id=4960, stack(0x000000e416d00000,0x000000e416e00000)]
  0x000002107cd92000 JavaThread "JDWP Transport Listener: dt_socket" daemon [_thread_blocked, id=9684, stack(0x000000e416e00000,0x000000e416f00000)] _threads_hazard_ptr=0x000002107d36e810
  0x000002107cdcb800 JavaThread "JDWP Event Helper Thread" daemon [_thread_blocked, id=11796, stack(0x000000e416f00000,0x000000e417000000)]
  0x000002107cd8a800 JavaThread "JDWP Command Reader" daemon [_thread_in_native, id=9672, stack(0x000000e417000000,0x000000e417100000)]
  0x000002107cda6800 JavaThread "Service Thread" daemon [_thread_blocked, id=608, stack(0x000000e417200000,0x000000e417300000)]

Other Threads:
=>0x000002107c139000 VMThread "VM Thread" [stack: 0x000000e416500000,0x000000e416600000] [id=7160]
  0x000002107cda7000 WatcherThread [stack: 0x000000e417300000,0x000000e417400000] [id=988]
  0x000002105e7fd000 GCTaskThread "GC Thread#0" [stack: 0x000000e416000000,0x000000e416100000] [id=11300]
  0x000002105e825000 ConcurrentGCThread "G1 Main Marker" [stack: 0x000000e416100000,0x000000e416200000] [id=2796]
  0x000002105e827000 ConcurrentGCThread "G1 Conc#0" [stack: 0x000000e416200000,0x000000e416300000] [id=2312]
  0x000002105e8ae800 ConcurrentGCThread "G1 Refine#0" [stack: 0x000000e416300000,0x000000e416400000] [id=1584]
  0x000002105e8b3000 ConcurrentGCThread "G1 Young RemSet Sampling" [stack: 0x000000e416400000,0x000000e416500000] [id=7296]

Threads with active compile tasks:

VM state:at safepoint (normal execution)

VM Mutex/Monitor currently owned by a thread:  ([mutex/lock_event])
[0x000002105e7e49a0] Threads_lock - owner thread: 0x000002107c139000

Heap address: 0x00000000a1000000, size: 1520 MB, Compressed Oops mode: 32-bit
Narrow klass base: 0x0000000000000000, Narrow klass shift: 3
Compressed class space size: 1073741824 Address: 0x0000000100000000

Heap:
 garbage-first heap   total 98304K, used 4096K [0x00000000a1000000, 0x0000000100000000)
  region size 1024K, 6 young (6144K), 0 survivors (0K)
 Metaspace       used 9276K, capacity 9413K, committed 9600K, reserved 1058816K
  class space    used 812K, capacity 835K, committed 896K, reserved 1048576K
Heap Regions: E=young(eden), S=young(survivor), O=old, HS=humongous(starts), HC=humongous(continues), CS=collection set, F=free, A=archive, TAMS=top-at-mark-start (previous, next)
|   0|0x00000000a1000000, 0x00000000a1000000, 0x00000000a1100000|  0%| F|  |TAMS 0x00000000a1000000, 0x00000000a1000000| Untracked 
|   1|0x00000000a1100000, 0x00000000a1100000, 0x00000000a1200000|  0%| F|  |TAMS 0x00000000a1100000, 0x00000000a1100000| Untracked 
|   2|0x00000000a1200000, 0x00000000a1200000, 0x00000000a1300000|  0%| F|  |TAMS 0x00000000a1200000, 0x00000000a1200000| Untracked 
|   3|0x00000000a1300000, 0x00000000a1300000, 0x00000000a1400000|  0%| F|  |TAMS 0x00000000a1300000, 0x00000000a1300000| Untracked 
|   4|0x00000000a1400000, 0x00000000a1400000, 0x00000000a1500000|  0%| F|  |TAMS 0x00000000a1400000, 0x00000000a1400000| Untracked 
|   5|0x00000000a1500000, 0x00000000a1500000, 0x00000000a1600000|  0%| F|  |TAMS 0x00000000a1500000, 0x00000000a1500000| Untracked 
|   6|0x00000000a1600000, 0x00000000a1600000, 0x00000000a1700000|  0%| F|  |TAMS 0x00000000a1600000, 0x00000000a1600000| Untracked 
|   7|0x00000000a1700000, 0x00000000a1700000, 0x00000000a1800000|  0%| F|  |TAMS 0x00000000a1700000, 0x00000000a1700000| Untracked 
|   8|0x00000000a1800000, 0x00000000a1800000, 0x00000000a1900000|  0%| F|  |TAMS 0x00000000a1800000, 0x00000000a1800000| Untracked 
|   9|0x00000000a1900000, 0x00000000a1900000, 0x00000000a1a00000|  0%| F|  |TAMS 0x00000000a1900000, 0x00000000a1900000| Untracked 
|  10|0x00000000a1a00000, 0x00000000a1a00000, 0x00000000a1b00000|  0%| F|  |TAMS 0x00000000a1a00000, 0x00000000a1a00000| Untracked 
|  11|0x00000000a1b00000, 0x00000000a1b00000, 0x00000000a1c00000|  0%| F|  |TAMS 0x00000000a1b00000, 0x00000000a1b00000| Untracked 
|  12|0x00000000a1c00000, 0x00000000a1c00000, 0x00000000a1d00000|  0%| F|  |TAMS 0x00000000a1c00000, 0x00000000a1c00000| Untracked 
|  13|0x00000000a1d00000, 0x00000000a1d00000, 0x00000000a1e00000|  0%| F|  |TAMS 0x00000000a1d00000, 0x00000000a1d00000| Untracked 
|  14|0x00000000a1e00000, 0x00000000a1e00000, 0x00000000a1f00000|  0%| F|  |TAMS 0x00000000a1e00000, 0x00000000a1e00000| Untracked 
|  15|0x00000000a1f00000, 0x00000000a1f00000, 0x00000000a2000000|  0%| F|  |TAMS 0x00000000a1f00000, 0x00000000a1f00000| Untracked 
|  16|0x00000000a2000000, 0x00000000a2000000, 0x00000000a2100000|  0%| F|  |TAMS 0x00000000a2000000, 0x00000000a2000000| Untracked 
|  17|0x00000000a2100000, 0x00000000a2100000, 0x00000000a2200000|  0%| F|  |TAMS 0x00000000a2100000, 0x00000000a2100000| Untracked 
|  18|0x00000000a2200000, 0x00000000a2200000, 0x00000000a2300000|  0%| F|  |TAMS 0x00000000a2200000, 0x00000000a2200000| Untracked 
|  19|0x00000000a2300000, 0x00000000a2300000, 0x00000000a2400000|  0%| F|  |TAMS 0x00000000a2300000, 0x00000000a2300000| Untracked 
|  20|0x00000000a2400000, 0x00000000a2400000, 0x00000000a2500000|  0%| F|  |TAMS 0x00000000a2400000, 0x00000000a2400000| Untracked 
|  21|0x00000000a2500000, 0x00000000a2500000, 0x00000000a2600000|  0%| F|  |TAMS 0x00000000a2500000, 0x00000000a2500000| Untracked 
|  22|0x00000000a2600000, 0x00000000a2600000, 0x00000000a2700000|  0%| F|  |TAMS 0x00000000a2600000, 0x00000000a2600000| Untracked 
|  23|0x00000000a2700000, 0x00000000a2700000, 0x00000000a2800000|  0%| F|  |TAMS 0x00000000a2700000, 0x00000000a2700000| Untracked 
|  24|0x00000000a2800000, 0x00000000a2800000, 0x00000000a2900000|  0%| F|  |TAMS 0x00000000a2800000, 0x00000000a2800000| Untracked 
|  25|0x00000000a2900000, 0x00000000a2900000, 0x00000000a2a00000|  0%| F|  |TAMS 0x00000000a2900000, 0x00000000a2900000| Untracked 
|  26|0x00000000a2a00000, 0x00000000a2a00000, 0x00000000a2b00000|  0%| F|  |TAMS 0x00000000a2a00000, 0x00000000a2a00000| Untracked 
|  27|0x00000000a2b00000, 0x00000000a2b00000, 0x00000000a2c00000|  0%| F|  |TAMS 0x00000000a2b00000, 0x00000000a2b00000| Untracked 
|  28|0x00000000a2c00000, 0x00000000a2c00000, 0x00000000a2d00000|  0%| F|  |TAMS 0x00000000a2c00000, 0x00000000a2c00000| Untracked 
|  29|0x00000000a2d00000, 0x00000000a2d00000, 0x00000000a2e00000|  0%| F|  |TAMS 0x00000000a2d00000, 0x00000000a2d00000| Untracked 
|  30|0x00000000a2e00000, 0x00000000a2e00000, 0x00000000a2f00000|  0%| F|  |TAMS 0x00000000a2e00000, 0x00000000a2e00000| Untracked 
|  31|0x00000000a2f00000, 0x00000000a2f00000, 0x00000000a3000000|  0%| F|  |TAMS 0x00000000a2f00000, 0x00000000a2f00000| Untracked 
|  32|0x00000000a3000000, 0x00000000a3000000, 0x00000000a3100000|  0%| F|  |TAMS 0x00000000a3000000, 0x00000000a3000000| Untracked 
|  33|0x00000000a3100000, 0x00000000a3100000, 0x00000000a3200000|  0%| F|  |TAMS 0x00000000a3100000, 0x00000000a3100000| Untracked 
|  34|0x00000000a3200000, 0x00000000a3200000, 0x00000000a3300000|  0%| F|  |TAMS 0x00000000a3200000, 0x00000000a3200000| Untracked 
|  35|0x00000000a3300000, 0x00000000a3300000, 0x00000000a3400000|  0%| F|  |TAMS 0x00000000a3300000, 0x00000000a3300000| Untracked 
|  36|0x00000000a3400000, 0x00000000a3400000, 0x00000000a3500000|  0%| F|  |TAMS 0x00000000a3400000, 0x00000000a3400000| Untracked 
|  37|0x00000000a3500000, 0x00000000a3500000, 0x00000000a3600000|  0%| F|  |TAMS 0x00000000a3500000, 0x00000000a3500000| Untracked 
|  38|0x00000000a3600000, 0x00000000a3600000, 0x00000000a3700000|  0%| F|  |TAMS 0x00000000a3600000, 0x00000000a3600000| Untracked 
|  39|0x00000000a3700000, 0x00000000a3700000, 0x00000000a3800000|  0%| F|  |TAMS 0x00000000a3700000, 0x00000000a3700000| Untracked 
|  40|0x00000000a3800000, 0x00000000a3800000, 0x00000000a3900000|  0%| F|  |TAMS 0x00000000a3800000, 0x00000000a3800000| Untracked 
|  41|0x00000000a3900000, 0x00000000a3900000, 0x00000000a3a00000|  0%| F|  |TAMS 0x00000000a3900000, 0x00000000a3900000| Untracked 
|  42|0x00000000a3a00000, 0x00000000a3a00000, 0x00000000a3b00000|  0%| F|  |TAMS 0x00000000a3a00000, 0x00000000a3a00000| Untracked 
|  43|0x00000000a3b00000, 0x00000000a3b00000, 0x00000000a3c00000|  0%| F|  |TAMS 0x00000000a3b00000, 0x00000000a3b00000| Untracked 
|  44|0x00000000a3c00000, 0x00000000a3c00000, 0x00000000a3d00000|  0%| F|  |TAMS 0x00000000a3c00000, 0x00000000a3c00000| Untracked 
|  45|0x00000000a3d00000, 0x00000000a3d00000, 0x00000000a3e00000|  0%| F|  |TAMS 0x00000000a3d00000, 0x00000000a3d00000| Untracked 
|  46|0x00000000a3e00000, 0x00000000a3e00000, 0x00000000a3f00000|  0%| F|  |TAMS 0x00000000a3e00000, 0x00000000a3e00000| Untracked 
|  47|0x00000000a3f00000, 0x00000000a3f00000, 0x00000000a4000000|  0%| F|  |TAMS 0x00000000a3f00000, 0x00000000a3f00000| Untracked 
|  48|0x00000000a4000000, 0x00000000a4000000, 0x00000000a4100000|  0%| F|  |TAMS 0x00000000a4000000, 0x00000000a4000000| Untracked 
|  49|0x00000000a4100000, 0x00000000a4100000, 0x00000000a4200000|  0%| F|  |TAMS 0x00000000a4100000, 0x00000000a4100000| Untracked 
|  50|0x00000000a4200000, 0x00000000a4200000, 0x00000000a4300000|  0%| F|  |TAMS 0x00000000a4200000, 0x00000000a4200000| Untracked 
|  51|0x00000000a4300000, 0x00000000a4300000, 0x00000000a4400000|  0%| F|  |TAMS 0x00000000a4300000, 0x00000000a4300000| Untracked 
|  52|0x00000000a4400000, 0x00000000a4400000, 0x00000000a4500000|  0%| F|  |TAMS 0x00000000a4400000, 0x00000000a4400000| Untracked 
|  53|0x00000000a4500000, 0x00000000a4500000, 0x00000000a4600000|  0%| F|  |TAMS 0x00000000a4500000, 0x00000000a4500000| Untracked 
|  54|0x00000000a4600000, 0x00000000a4600000, 0x00000000a4700000|  0%| F|  |TAMS 0x00000000a4600000, 0x00000000a4600000| Untracked 
|  55|0x00000000a4700000, 0x00000000a4700000, 0x00000000a4800000|  0%| F|  |TAMS 0x00000000a4700000, 0x00000000a4700000| Untracked 
|  56|0x00000000a4800000, 0x00000000a4800000, 0x00000000a4900000|  0%| F|  |TAMS 0x00000000a4800000, 0x00000000a4800000| Untracked 
|  57|0x00000000a4900000, 0x00000000a4900000, 0x00000000a4a00000|  0%| F|  |TAMS 0x00000000a4900000, 0x00000000a4900000| Untracked 
|  58|0x00000000a4a00000, 0x00000000a4a00000, 0x00000000a4b00000|  0%| F|  |TAMS 0x00000000a4a00000, 0x00000000a4a00000| Untracked 
|  59|0x00000000a4b00000, 0x00000000a4b00000, 0x00000000a4c00000|  0%| F|  |TAMS 0x00000000a4b00000, 0x00000000a4b00000| Untracked 
|  60|0x00000000a4c00000, 0x00000000a4c00000, 0x00000000a4d00000|  0%| F|  |TAMS 0x00000000a4c00000, 0x00000000a4c00000| Untracked 
|  61|0x00000000a4d00000, 0x00000000a4d00000, 0x00000000a4e00000|  0%| F|  |TAMS 0x00000000a4d00000, 0x00000000a4d00000| Untracked 
|  62|0x00000000a4e00000, 0x00000000a4e00000, 0x00000000a4f00000|  0%| F|  |TAMS 0x00000000a4e00000, 0x00000000a4e00000| Untracked 
|  63|0x00000000a4f00000, 0x00000000a4f00000, 0x00000000a5000000|  0%| F|  |TAMS 0x00000000a4f00000, 0x00000000a4f00000| Untracked 
|  64|0x00000000a5000000, 0x00000000a5000000, 0x00000000a5100000|  0%| F|  |TAMS 0x00000000a5000000, 0x00000000a5000000| Untracked 
|  65|0x00000000a5100000, 0x00000000a5100000, 0x00000000a5200000|  0%| F|  |TAMS 0x00000000a5100000, 0x00000000a5100000| Untracked 
|  66|0x00000000a5200000, 0x00000000a5200000, 0x00000000a5300000|  0%| F|  |TAMS 0x00000000a5200000, 0x00000000a5200000| Untracked 
|  67|0x00000000a5300000, 0x00000000a5300000, 0x00000000a5400000|  0%| F|  |TAMS 0x00000000a5300000, 0x00000000a5300000| Untracked 
|  68|0x00000000a5400000, 0x00000000a5400000, 0x00000000a5500000|  0%| F|  |TAMS 0x00000000a5400000, 0x00000000a5400000| Untracked 
|  69|0x00000000a5500000, 0x00000000a5500000, 0x00000000a5600000|  0%| F|  |TAMS 0x00000000a5500000, 0x00000000a5500000| Untracked 
|  70|0x00000000a5600000, 0x00000000a5600000, 0x00000000a5700000|  0%| F|  |TAMS 0x00000000a5600000, 0x00000000a5600000| Untracked 
|  71|0x00000000a5700000, 0x00000000a5700000, 0x00000000a5800000|  0%| F|  |TAMS 0x00000000a5700000, 0x00000000a5700000| Untracked 
|  72|0x00000000a5800000, 0x00000000a5800000, 0x00000000a5900000|  0%| F|  |TAMS 0x00000000a5800000, 0x00000000a5800000| Untracked 
|  73|0x00000000a5900000, 0x00000000a5900000, 0x00000000a5a00000|  0%| F|  |TAMS 0x00000000a5900000, 0x00000000a5900000| Untracked 
|  74|0x00000000a5a00000, 0x00000000a5a00000, 0x00000000a5b00000|  0%| F|  |TAMS 0x00000000a5a00000, 0x00000000a5a00000| Untracked 
|  75|0x00000000a5b00000, 0x00000000a5b00000, 0x00000000a5c00000|  0%| F|  |TAMS 0x00000000a5b00000, 0x00000000a5b00000| Untracked 
|  76|0x00000000a5c00000, 0x00000000a5c00000, 0x00000000a5d00000|  0%| F|  |TAMS 0x00000000a5c00000, 0x00000000a5c00000| Untracked 
|  77|0x00000000a5d00000, 0x00000000a5d00000, 0x00000000a5e00000|  0%| F|  |TAMS 0x00000000a5d00000, 0x00000000a5d00000| Untracked 
|  78|0x00000000a5e00000, 0x00000000a5e00000, 0x00000000a5f00000|  0%| F|  |TAMS 0x00000000a5e00000, 0x00000000a5e00000| Untracked 
|  79|0x00000000a5f00000, 0x00000000a5f00000, 0x00000000a6000000|  0%| F|  |TAMS 0x00000000a5f00000, 0x00000000a5f00000| Untracked 
|  80|0x00000000a6000000, 0x00000000a6000000, 0x00000000a6100000|  0%| F|  |TAMS 0x00000000a6000000, 0x00000000a6000000| Untracked 
|  81|0x00000000a6100000, 0x00000000a6100000, 0x00000000a6200000|  0%| F|  |TAMS 0x00000000a6100000, 0x00000000a6100000| Untracked 
|  82|0x00000000a6200000, 0x00000000a6200000, 0x00000000a6300000|  0%| F|  |TAMS 0x00000000a6200000, 0x00000000a6200000| Untracked 
|  83|0x00000000a6300000, 0x00000000a6300000, 0x00000000a6400000|  0%| F|  |TAMS 0x00000000a6300000, 0x00000000a6300000| Untracked 
|  84|0x00000000a6400000, 0x00000000a6400000, 0x00000000a6500000|  0%| F|  |TAMS 0x00000000a6400000, 0x00000000a6400000| Untracked 
|  85|0x00000000a6500000, 0x00000000a6500000, 0x00000000a6600000|  0%| F|  |TAMS 0x00000000a6500000, 0x00000000a6500000| Untracked 
|  86|0x00000000a6600000, 0x00000000a6600000, 0x00000000a6700000|  0%| F|  |TAMS 0x00000000a6600000, 0x00000000a6600000| Untracked 
|  87|0x00000000a6700000, 0x00000000a6700000, 0x00000000a6800000|  0%| F|  |TAMS 0x00000000a6700000, 0x00000000a6700000| Untracked 
|  88|0x00000000a6800000, 0x00000000a6800000, 0x00000000a6900000|  0%| F|  |TAMS 0x00000000a6800000, 0x00000000a6800000| Untracked 
|  89|0x00000000a6900000, 0x00000000a6900000, 0x00000000a6a00000|  0%| F|  |TAMS 0x00000000a6900000, 0x00000000a6900000| Untracked 
|  90|0x00000000a6a00000, 0x00000000a6af6ad0, 0x00000000a6b00000| 96%| E|  |TAMS 0x00000000a6a00000, 0x00000000a6a00000| Complete 
|  91|0x00000000a6b00000, 0x00000000a6c00000, 0x00000000a6c00000|100%| E|CS|TAMS 0x00000000a6b00000, 0x00000000a6b00000| Complete 
|  92|0x00000000a6c00000, 0x00000000a6d00000, 0x00000000a6d00000|100%| E|CS|TAMS 0x00000000a6c00000, 0x00000000a6c00000| Complete 
|  93|0x00000000a6d00000, 0x00000000a6e00000, 0x00000000a6e00000|100%| E|  |TAMS 0x00000000a6d00000, 0x00000000a6d00000| Complete 
|  94|0x00000000a6e00000, 0x00000000a6f00000, 0x00000000a6f00000|100%| E|CS|TAMS 0x00000000a6e00000, 0x00000000a6e00000| Complete 
|  95|0x00000000a6f00000, 0x00000000a7000000, 0x00000000a7000000|100%| E|CS|TAMS 0x00000000a6f00000, 0x00000000a6f00000| Complete 

Card table byte_map: [0x00000210761a0000,0x00000210764a0000] _byte_map_base: 0x0000021075c98000

Marking Bits (Prev, Next): (CMBitMap*) 0x000002105e81e608, (CMBitMap*) 0x000002105e81e640
 Prev Bits: [0x00000210767a0000, 0x0000021077f60000)
 Next Bits: [0x0000021077f60000, 0x0000021079720000)

Polling page: 0x000002105dfc0000

Metaspace:

Usage:
  Non-class:      8.38 MB capacity,     8.27 MB ( 99%) used,   107.02 KB (  1%) free+waste,     7.00 KB ( <1%) overhead. 
      Class:    835.00 KB capacity,   812.73 KB ( 97%) used,    19.70 KB (  2%) free+waste,     2.56 KB ( <1%) overhead. 
       Both:      9.19 MB capacity,     9.06 MB ( 99%) used,   126.72 KB (  1%) free+waste,     9.56 KB ( <1%) overhead. 

Virtual space:
  Non-class space:       10.00 MB reserved,       8.50 MB ( 85%) committed 
      Class space:        1.00 GB reserved,     896.00 KB ( <1%) committed 
             Both:        1.01 GB reserved,       9.38 MB ( <1%) committed 

Chunk freelists:
   Non-Class:  7.75 KB
       Class:  3.63 KB
        Both:  11.38 KB

CodeHeap 'non-profiled nmethods': size=120000Kb used=144Kb max_used=144Kb free=119855Kb
 bounds [0x000002106e640000, 0x000002106e8b0000, 0x0000021075b70000]
CodeHeap 'profiled nmethods': size=120000Kb used=805Kb max_used=817Kb free=119195Kb
 bounds [0x0000021067110000, 0x0000021067380000, 0x000002106e640000]
CodeHeap 'non-nmethods': size=5760Kb used=1151Kb max_used=1165Kb free=4608Kb
 bounds [0x0000021066b70000, 0x0000021066de0000, 0x0000021067110000]
 total_blobs=947 nmethods=457 adapters=282
 compilation: enabled
              stopped_count=0, restarted_count=0
 full_count=0

Compilation events (10 events):
Event: 1445.214 Thread 0x000002107c17d000  459       4       org.eclipse.jdt.launching.internal.org.objectweb.asm.ClassReader::readUTF8 (23 bytes)
Event: 1445.215 Thread 0x000002107c17d000 nmethod 459 0x000002106e662f90 code [0x000002106e663140, 0x000002106e663308]
Event: 1530.205 Thread 0x000002107c192000  463       3       org.eclipse.jdt.launching.internal.org.objectweb.asm.MethodWriter::visitTypeInsn (116 bytes)
Event: 1530.207 Thread 0x000002107c192000 nmethod 463 0x00000210671d8710 code [0x00000210671d8900, 0x00000210671d8dd0]
Event: 1624.110 Thread 0x000002107c17d000  464       4       org.eclipse.jdt.launching.internal.org.objectweb.asm.ByteVector::putUTF8 (144 bytes)
Event: 1624.110 Thread 0x000002107c192000  465       3       org.eclipse.jdt.launching.internal.org.objectweb.asm.MethodWriter::visitFrame (787 bytes)
Event: 1624.115 Thread 0x000002107c192000 nmethod 465 0x00000210671d9010 code [0x00000210671d9520, 0x00000210671db810]
Event: 1624.118 Thread 0x000002107c17d000 nmethod 464 0x000002106e663490 code [0x000002106e663660, 0x000002106e663be8]
Event: 1651.810 Thread 0x000002107c192000  466       1       java.net.URL::getRef (5 bytes)
Event: 1651.810 Thread 0x000002107c192000 nmethod 466 0x000002106e664010 code [0x000002106e6641c0, 0x000002106e6642d8]

GC Heap History (0 events):
No events

Deoptimization events (5 events):
Event: 0.257 Thread 0x000002105e7e8000 Uncommon trap: reason=class_check action=maybe_recompile pc=0x000002106e64e37c method=java.util.HashMap.putVal(ILjava/lang/Object;Ljava/lang/Object;ZZ)Ljava/lang/Object; @ 152 c2
Event: 0.267 Thread 0x000002105e7e8000 Uncommon trap: reason=class_check action=maybe_recompile pc=0x000002106e64e37c method=java.util.HashMap.putVal(ILjava/lang/Object;Ljava/lang/Object;ZZ)Ljava/lang/Object; @ 152 c2
Event: 0.267 Thread 0x000002105e7e8000 Uncommon trap: reason=class_check action=maybe_recompile pc=0x000002106e64e37c method=java.util.HashMap.putVal(ILjava/lang/Object;Ljava/lang/Object;ZZ)Ljava/lang/Object; @ 152 c2
Event: 0.267 Thread 0x000002105e7e8000 Uncommon trap: reason=class_check action=maybe_recompile pc=0x000002106e64e37c method=java.util.HashMap.putVal(ILjava/lang/Object;Ljava/lang/Object;ZZ)Ljava/lang/Object; @ 152 c2
Event: 0.337 Thread 0x000002105e7e8000 Uncommon trap: reason=unstable_if action=reinterpret pc=0x000002106e64f478 method=java.lang.String.isLatin1()Z @ 10 c2

Classes redefined (10 events):
Event: 1162.040 Thread 0x000002107c139000 redefined class name=app.MercadoLivre, count=6
Event: 1191.204 Thread 0x000002107c139000 redefined class name=app.MercadoLivre, count=7
Event: 1363.856 Thread 0x000002107c139000 redefined class name=app.MercadoLivre, count=8
Event: 1445.201 Thread 0x000002107c139000 redefined class name=app.MercadoLivre, count=9
Event: 1519.586 Thread 0x000002107c139000 redefined class name=app.Main, count=5
Event: 1530.207 Thread 0x000002107c139000 redefined class name=app.Main, count=6
Event: 1558.993 Thread 0x000002107c139000 redefined class name=app.Main, count=7
Event: 1624.112 Thread 0x000002107c139000 redefined class name=app.MercadoLivre, count=10
Event: 1643.049 Thread 0x000002107c139000 redefined class name=app.Main, count=8
Event: 1651.812 Thread 0x000002107c139000 redefined class name=app.Main, count=9

Internal exceptions (0 events):
No events

Events (10 events):
Event: 1696.167 Executing VM operation: GetOwnedMonitorInfo done
Event: 1696.167 Executing VM operation: GetCurrentContendedMonitor
Event: 1696.167 Executing VM operation: GetCurrentContendedMonitor done
Event: 1696.174 Executing VM operation: GetCurrentContendedMonitor
Event: 1696.174 Executing VM operation: GetCurrentContendedMonitor done
Event: 1696.174 Executing VM operation: GetOwnedMonitorInfo
Event: 1696.174 Executing VM operation: GetOwnedMonitorInfo done
Event: 1696.175 Executing VM operation: GetFrameLocation
Event: 1696.175 Executing VM operation: GetFrameLocation done
Event: 1696.175 Executing VM operation: GetOrSetLocal


Dynamic libraries:
0x00007ff723540000 - 0x00007ff723587000 	C:\Program Files\Java\jdk-11.0.6\bin\javaw.exe
0x00007ffeb06e0000 - 0x00007ffeb08d0000 	C:\Windows\SYSTEM32\ntdll.dll
0x00007ffeb05e0000 - 0x00007ffeb0692000 	C:\Windows\System32\KERNEL32.DLL
0x00007ffeae4e0000 - 0x00007ffeae783000 	C:\Windows\System32\KERNELBASE.dll
0x00007ffeaf220000 - 0x00007ffeaf2c3000 	C:\Windows\System32\ADVAPI32.dll
0x00007ffeaeb70000 - 0x00007ffeaec0e000 	C:\Windows\System32\msvcrt.dll
0x00007ffeaf680000 - 0x00007ffeaf717000 	C:\Windows\System32\sechost.dll
0x00007ffeb04c0000 - 0x00007ffeb05e0000 	C:\Windows\System32\RPCRT4.dll
0x00007ffeaf410000 - 0x00007ffeaf5a4000 	C:\Windows\System32\USER32.dll
0x00007ffeae4b0000 - 0x00007ffeae4d1000 	C:\Windows\System32\win32u.dll
0x00007ffeaed20000 - 0x00007ffeaed46000 	C:\Windows\System32\GDI32.dll
0x00007ffeae2f0000 - 0x00007ffeae484000 	C:\Windows\System32\gdi32full.dll
0x00007ffead6c0000 - 0x00007ffead75e000 	C:\Windows\System32\msvcp_win.dll
0x00007ffead760000 - 0x00007ffead85a000 	C:\Windows\System32\ucrtbase.dll
0x00007ffea6b00000 - 0x00007ffea6b0a000 	C:\Windows\SYSTEM32\VERSION.dll
0x00007ffea6290000 - 0x00007ffea6515000 	C:\Windows\WinSxS\amd64_microsoft.windows.common-controls_6595b64144ccf1df_6.0.18362.778_none_e6c6b761130d4fb8\COMCTL32.dll
0x00007ffeaed50000 - 0x00007ffeaf086000 	C:\Windows\System32\combase.dll
0x00007ffeae0f0000 - 0x00007ffeae170000 	C:\Windows\System32\bcryptPrimitives.dll
0x00007ffeafb90000 - 0x00007ffeafbbe000 	C:\Windows\System32\IMM32.DLL
0x00007ffe9e380000 - 0x00007ffe9e396000 	C:\Program Files\Java\jdk-11.0.6\bin\vcruntime140.dll
0x00007ffe97c50000 - 0x00007ffe97cfa000 	C:\Program Files\Java\jdk-11.0.6\bin\msvcp140.dll
0x00007ffe63660000 - 0x00007ffe64189000 	C:\Program Files\Java\jdk-11.0.6\bin\server\jvm.dll
0x00007ffeaf2d0000 - 0x00007ffeaf2d8000 	C:\Windows\System32\PSAPI.DLL
0x00007ffeaa080000 - 0x00007ffeaa089000 	C:\Windows\SYSTEM32\WSOCK32.dll
0x00007ffeab6e0000 - 0x00007ffeab704000 	C:\Windows\SYSTEM32\WINMM.dll
0x00007ffeae8f0000 - 0x00007ffeae95f000 	C:\Windows\System32\WS2_32.dll
0x00007ffeab6b0000 - 0x00007ffeab6dd000 	C:\Windows\SYSTEM32\winmmbase.dll
0x00007ffead670000 - 0x00007ffead6ba000 	C:\Windows\System32\cfgmgr32.dll
0x00007ffead5b0000 - 0x00007ffead5c1000 	C:\Windows\System32\kernel.appcore.dll
0x00007ffe9bee0000 - 0x00007ffe9bef1000 	C:\Program Files\Java\jdk-11.0.6\bin\verify.dll
0x00007ffe9f490000 - 0x00007ffe9f684000 	C:\Windows\SYSTEM32\DBGHELP.DLL
0x00007ffe9ecd0000 - 0x00007ffe9ecfa000 	C:\Windows\SYSTEM32\dbgcore.DLL
0x00007ffe9beb0000 - 0x00007ffe9bed9000 	C:\Program Files\Java\jdk-11.0.6\bin\java.dll
0x00007ffe8ff90000 - 0x00007ffe8ffc7000 	C:\Program Files\Java\jdk-11.0.6\bin\jdwp.dll
0x00007ffe97c20000 - 0x00007ffe97c4f000 	C:\Program Files\Java\jdk-11.0.6\bin\instrument.dll
0x00007ffe976d0000 - 0x00007ffe976e6000 	C:\Program Files\Java\jdk-11.0.6\bin\zip.dll
0x00007ffe9dcd0000 - 0x00007ffe9dcda000 	C:\Program Files\Java\jdk-11.0.6\bin\jimage.dll
0x00007ffeafdd0000 - 0x00007ffeb04b5000 	C:\Windows\System32\SHELL32.dll
0x00007ffeaf360000 - 0x00007ffeaf409000 	C:\Windows\System32\shcore.dll
0x00007ffead860000 - 0x00007ffeadfe0000 	C:\Windows\System32\windows.storage.dll
0x00007ffead640000 - 0x00007ffead663000 	C:\Windows\System32\profapi.dll
0x00007ffead5d0000 - 0x00007ffead61a000 	C:\Windows\System32\powrprof.dll
0x00007ffead5a0000 - 0x00007ffead5b0000 	C:\Windows\System32\UMPDC.dll
0x00007ffeaf5b0000 - 0x00007ffeaf602000 	C:\Windows\System32\shlwapi.dll
0x00007ffeae490000 - 0x00007ffeae4a7000 	C:\Windows\System32\cryptsp.dll
0x00007ffe9ad90000 - 0x00007ffe9ad9a000 	C:\Program Files\Java\jdk-11.0.6\bin\dt_socket.dll
0x00007ffeacdb0000 - 0x00007ffeace17000 	C:\Windows\System32\mswsock.dll
0x00007ffeacb00000 - 0x00007ffeacbca000 	C:\Windows\SYSTEM32\DNSAPI.dll
0x00007ffeaec10000 - 0x00007ffeaec18000 	C:\Windows\System32\NSI.dll
0x00007ffeacac0000 - 0x00007ffeacafa000 	C:\Windows\SYSTEM32\IPHLPAPI.DLL
0x00007ffea4740000 - 0x00007ffea47b7000 	C:\Windows\System32\fwpuclnt.dll
0x00007ffeae170000 - 0x00007ffeae196000 	C:\Windows\System32\bcrypt.dll
0x00007ffea67d0000 - 0x00007ffea67da000 	C:\Windows\System32\rasadhlp.dll
0x00007ffe93800000 - 0x00007ffe93819000 	C:\Program Files\Java\jdk-11.0.6\bin\net.dll
0x00007ffea96a0000 - 0x00007ffea9790000 	C:\Windows\SYSTEM32\WINHTTP.dll
0x00007ffe919b0000 - 0x00007ffe919c3000 	C:\Program Files\Java\jdk-11.0.6\bin\nio.dll

dbghelp: loaded successfully - version: 4.0.5 - missing functions: none
symbol engine: initialized successfully - sym options: 0x614 - pdb path: .;C:\Program Files\Java\jdk-11.0.6\bin;C:\Windows\SYSTEM32;C:\Windows\WinSxS\amd64_microsoft.windows.common-controls_6595b64144ccf1df_6.0.18362.778_none_e6c6b761130d4fb8;C:\Program Files\Java\jdk-11.0.6\bin\server

VM Arguments:
jvm_args: -agentlib:jdwp=transport=dt_socket,suspend=y,address=localhost:50902 -javaagent:D:\2 - Cássio\Programação\Programas\Eclipse\configuration\org.eclipse.osgi\412\0\.cp\lib\javaagent-shaded.jar -Dfile.encoding=Cp1252 
java_command: app.Main
java_class_path (initial): C:\Users\cassi\git\facisaa\Prova\bin
Launcher Type: SUN_STANDARD

[Global flags]
     intx CICompilerCount                          = 4                                         {product} {ergonomic}
     uint ConcGCThreads                            = 2                                         {product} {ergonomic}
     uint G1ConcRefinementThreads                  = 8                                         {product} {ergonomic}
   size_t G1HeapRegionSize                         = 1048576                                   {product} {ergonomic}
    uintx GCDrainStackTargetSize                   = 64                                        {product} {ergonomic}
   size_t InitialHeapSize                          = 100663296                                 {product} {ergonomic}
   size_t MarkStackSize                            = 4194304                                   {product} {ergonomic}
   size_t MaxHeapSize                              = 1593835520                                {product} {ergonomic}
   size_t MaxNewSize                               = 956301312                                 {product} {ergonomic}
   size_t MinHeapDeltaBytes                        = 1048576                                   {product} {ergonomic}
    uintx NonNMethodCodeHeapSize                   = 5836300                                {pd product} {ergonomic}
    uintx NonProfiledCodeHeapSize                  = 122910970                              {pd product} {ergonomic}
    uintx ProfiledCodeHeapSize                     = 122910970                              {pd product} {ergonomic}
    uintx ReservedCodeCacheSize                    = 251658240                              {pd product} {ergonomic}
     bool SegmentedCodeCache                       = true                                      {product} {ergonomic}
     bool UseCompressedClassPointers               = true                                 {lp64_product} {ergonomic}
     bool UseCompressedOops                        = true                                 {lp64_product} {ergonomic}
     bool UseG1GC                                  = true                                      {product} {ergonomic}
     bool UseLargePagesIndividualAllocation        = false                                  {pd product} {ergonomic}

Logging:
Log output configuration:
 #0: stdout all=warning uptime,level,tags
 #1: stderr all=off uptime,level,tags

Environment Variables:
JAVA_HOME=C:\Program Files\Java\jdk-11.0.6
PATH=C:/Program Files/Java/jre1.8.0_241/bin/server;C:/Program Files/Java/jre1.8.0_241/bin;C:/Program Files/Java/jre1.8.0_241/lib/amd64;C:\Program Files (x86)\Common Files\Oracle\Java\javapath;C:\Windows\system32;C:\Windows;C:\Windows\System32\Wbem;C:\Windows\System32\WindowsPowerShell\v1.0\;C:\Windows\System32\OpenSSH\;C:\Program Files\Java\jdk-11.0.6\bin;C:\Program Files\MySQL\MySQL Shell 8.0\bin\;C:\Users\cassi\AppData\Local\Microsoft\WindowsApps;;D:\2 - Cássio\Programação\Programas\Eclipse;
USERNAME=Cássio Tessaro
OS=Windows_NT
PROCESSOR_IDENTIFIER=AMD64 Family 23 Model 24 Stepping 1, AuthenticAMD



---------------  S Y S T E M  ---------------

OS: Windows 10 , 64 bit Build 18362 (10.0.18362.778)

CPU:total 8 (initial active 8) (8 cores per cpu, 2 threads per core) family 23 model 24 stepping 1, cmov, cx8, fxsr, mmx, sse, sse2, sse3, ssse3, sse4.1, sse4.2, popcnt, avx, avx2, aes, clmul, mmxext, 3dnowpref, lzcnt, sse4a, ht, tsc, tscinvbit, tscinv, bmi1, bmi2, adx, sha, fma

Memory: 4k page, system-wide physical 6072M (1941M free)
TotalPageFile size 15288M (AvailPageFile size 5920M)
current process WorkingSet (physical memory assigned to process): 43M, peak: 50M
current process commit charge ("private bytes"): 176M, peak: 184M

vm_info: Java HotSpot(TM) 64-Bit Server VM (11.0.6+8-LTS) for windows-amd64 JRE (11.0.6+8-LTS), built on Dec 11 2019 09:17:57 by "mach5one" with MS VC++ 15.5 (VS2017)

END.
